<?xml version="1.0" encoding="UTF-8"?>
<!-- Generated by org.testng.reporters.JUnitReportReporter -->
<testsuite skipped="0" hostname="DELL-PC" name="LackSmartLogIn.NewTest3" tests="3" failures="0" timestamp="05 Mar 2020 13:54:28 GMT" time="0.047" errors="0">
  <testcase name="f" time="0.000" classname="LackSmartLogIn.NewTest3"/>
  <testcase name="d" time="0.047" classname="LackSmartLogIn.NewTest3"/>
  <testcase name="e" time="0.000" classname="LackSmartLogIn.NewTest3"/>
</testsuite> <!-- LackSmartLogIn.NewTest3 -->
