<?xml version="1.0" encoding="UTF-8"?>
<!-- Generated by org.testng.reporters.JUnitReportReporter -->
<testsuite skipped="0" hostname="DELL-PC" name="LackSmartLogIn.NewTest" tests="2" failures="0" timestamp="05 Mar 2020 13:54:28 GMT" time="0.001" errors="0">
  <testcase name="a" time="0.000" classname="LackSmartLogIn.NewTest"/>
  <testcase name="b" time="0.001" classname="LackSmartLogIn.NewTest"/>
</testsuite> <!-- LackSmartLogIn.NewTest -->
